JvmtiExport can_access_local_variables 0
JvmtiExport can_hotswap_or_post_breakpoint 0
JvmtiExport can_post_on_exceptions 0
# 340 ciObject found
ciMethod java/lang/Object <init> ()V 4097 1 1367920 0 96
ciMethod java/lang/Object getClass ()Ljava/lang/Class; 2049 1 256 0 -1
ciMethod java/lang/Object hashCode ()I 4097 1 512 0 -1
ciMethod java/lang/Object equals (Ljava/lang/Object;)Z 3105 1 35786 0 -1
ciMethod java/lang/CharSequence length ()I 0 0 1 0 -1
ciMethod java/lang/CharSequence charAt (I)C 0 0 1 0 -1
ciMethod java/lang/CharSequence toString ()Ljava/lang/String; 0 0 1 0 -1
ciMethod java/lang/String <init> ([CII)V 4097 1 5670 0 -1
ciMethod java/lang/String length ()I 4097 1 369472 0 64
ciMethod java/lang/String charAt (I)C 4097 1 1193712 0 160
ciMethod java/lang/String equals (Ljava/lang/Object;)Z 4097 19273 5529 0 -1
ciMethod java/lang/System currentTimeMillis ()J 4097 1 512 0 -1
ciMethod java/lang/ref/Reference get ()Ljava/lang/Object; 3145 1 393 0 -1
ciMethod java/lang/ref/Reference <init> (Ljava/lang/Object;)V 3249 1 69002 0 0
ciMethod java/lang/ref/Reference <init> (Ljava/lang/Object;Ljava/lang/ref/ReferenceQueue;)V 4097 1 60149 0 128
ciMethod java/lang/ref/SoftReference <init> (Ljava/lang/Object;)V 2049 1 20341 0 0
ciMethod java/lang/ref/SoftReference get ()Ljava/lang/Object; 2049 1 65468 0 96
ciMethod java/util/Map getOrDefault (Ljava/lang/Object;Ljava/lang/Object;)Ljava/lang/Object; 2073 1 1246 0 -1
ciMethod java/lang/invoke/DirectMethodHandle internalMemberName (Ljava/lang/Object;)Ljava/lang/Object; 2049 1 79075 0 -1
ciMethod java/lang/AbstractStringBuilder <init> (I)V 4097 1 132122 0 256
ciMethod java/lang/AbstractStringBuilder length ()I 1281 1 160 0 0
ciMethod java/lang/AbstractStringBuilder charAt (I)C 3161 1 9032 0 160
ciMethod java/lang/AbstractStringBuilder append (Ljava/lang/String;)Ljava/lang/AbstractStringBuilder; 4097 1 5672 0 -1
ciMethod java/lang/AbstractStringBuilder append (C)Ljava/lang/AbstractStringBuilder; 4097 1 251986 0 -1
ciMethod java/lang/StringBuilder <init> (I)V 457 1 3489 0 0
ciMethod java/lang/StringBuilder append (Ljava/lang/String;)Ljava/lang/StringBuilder; 4097 1 320528 0 1024
ciMethod java/lang/StringBuilder append (C)Ljava/lang/StringBuilder; 4097 1 171419 0 832
ciMethod java/lang/StringBuilder toString ()Ljava/lang/String; 4097 1 105916 0 832
ciMethod java/lang/StringBuilder charAt (I)C 2721 1 8151 0 160
ciMethod java/lang/StringBuilder length ()I 2097 1 26748 0 32
ciMethod java/lang/Character toLowerCase (C)C 4097 1 39893 0 -1
ciMethod java/util/List iterator ()Ljava/util/Iterator; 0 0 1 0 -1
ciMethod java/util/Collections emptyIterator ()Ljava/util/Iterator; 2049 1 10267 0 0
ciMethod java/util/Collections emptySet ()Ljava/util/Set; 2049 1 16010 0 0
ciMethod java/util/Collections$EmptySet iterator ()Ljava/util/Iterator; 2049 1 5376 0 64
ciMethod java/util/Set iterator ()Ljava/util/Iterator; 0 0 1 0 -1
ciMethod java/util/HashMap hash (Ljava/lang/Object;)I 4097 1 102295 0 160
ciMethod java/util/HashMap getNode (ILjava/lang/Object;)Ljava/util/HashMap$Node; 4097 89 5738 0 544
ciMethod java/lang/Math floorDiv (JJ)J 3097 1 10781 0 0
ciMethod java/lang/Math floorMod (JJ)J 3113 1 5390 0 0
ciMethod java/util/Iterator hasNext ()Z 0 0 1 0 -1
ciMethod java/util/Iterator next ()Ljava/lang/Object; 0 0 1 0 -1
ciMethod java/util/LinkedHashMap afterNodeAccess (Ljava/util/HashMap$Node;)V 1 1 1518 0 -1
ciMethod java/util/LinkedHashMap getOrDefault (Ljava/lang/Object;Ljava/lang/Object;)Ljava/lang/Object; 4097 1 8710 0 800
ciMethodData java/lang/Object <init> ()V 2 1367930 orig 264 88 131 130 92 0 0 0 0 128 4 173 27 0 0 0 0 32 1 0 0 0 0 0 0 0 0 0 0 0 0 0 0 0 0 0 0 0 0 0 0 0 0 0 0 0 0 0 0 0 0 0 0 0 0 0 0 0 0 0 0 0 0 0 0 0 0 0 0 0 0 0 0 0 0 0 0 0 0 0 0 77 68 79 32 101 120 116 114 97 32 100 97 116 97 32 108 111 99 107 0 0 0 0 0 0 0 0 0 0 0 0 0 0 0 0 0 0 0 0 0 0 0 0 0 0 0 0 0 0 0 0 0 0 0 0 0 0 0 0 0 0 0 0 0 0 0 0 0 0 0 0 0 0 0 0 0 0 0 0 0 0 0 0 0 0 0 0 0 0 0 0 0 0 0 0 0 0 0 0 0 0 0 0 0 1 0 0 0 0 0 0 0 1 0 0 0 0 0 0 0 1 0 0 0 0 0 0 0 0 0 0 0 0 0 0 0 0 2 0 0 209 235 166 0 1 0 0 0 0 0 0 0 0 0 0 0 2 0 0 0 0 0 0 0 0 0 0 0 0 0 0 0 255 255 255 255 0 0 0 0 0 0 0 0 data 0 oops 0
ciMethod java/util/HashMap$TreeNode getTreeNode (ILjava/lang/Object;)Ljava/util/HashMap$TreeNode; 0 0 1 0 -1
ciMethodData java/lang/String charAt (I)C 2 1193712 orig 264 88 131 130 92 0 0 0 0 104 61 173 27 0 0 0 0 120 1 0 0 32 0 0 0 0 0 0 0 0 0 0 0 0 0 0 0 0 0 0 0 0 0 0 0 0 0 0 0 0 0 0 0 0 0 0 0 0 0 0 0 0 0 0 0 0 0 0 0 0 0 0 0 0 0 0 0 0 0 0 0 77 68 79 32 101 120 116 114 97 32 100 97 116 97 32 108 111 99 107 0 0 0 0 0 0 0 0 0 0 0 0 0 0 0 0 0 0 0 0 0 0 0 0 0 0 0 0 0 0 0 0 0 0 0 0 0 0 0 0 0 0 0 0 0 0 0 0 0 0 0 0 0 0 0 0 0 0 0 0 0 0 0 0 0 0 0 0 0 0 0 0 0 0 0 0 0 0 0 0 0 0 0 0 0 25 0 0 0 0 0 0 0 0 0 0 0 0 0 0 0 1 0 0 0 0 0 0 0 0 0 0 0 0 0 0 0 0 2 0 0 129 167 145 0 1 0 0 0 0 0 0 0 0 0 0 0 2 0 0 0 0 0 0 0 0 0 0 0 80 0 0 0 255 255 255 255 7 0 1 0 0 0 0 0 data 10 0x10007 0x0 0x40 0x12351a 0xa0007 0x12353f 0x30 0x0 0x120002 0x0 oops 0
ciMethodData java/lang/String length ()I 2 369472 orig 264 88 131 130 92 0 0 0 0 24 60 173 27 0 0 0 0 32 1 0 0 0 0 0 0 0 0 0 0 0 0 0 0 0 0 0 0 0 0 0 0 0 0 0 0 0 0 0 0 0 0 0 0 0 0 0 0 0 0 0 0 0 0 0 0 0 0 0 0 0 0 0 0 0 0 0 0 0 0 0 0 77 68 79 32 101 120 116 114 97 32 100 97 116 97 32 108 111 99 107 0 0 0 0 0 0 0 0 0 0 0 0 0 0 0 0 0 0 0 0 0 0 0 0 0 0 0 0 0 0 0 0 0 0 0 0 0 0 0 0 0 0 0 0 0 0 0 0 0 0 0 0 0 0 0 0 0 0 0 0 0 0 0 0 0 0 0 0 0 0 0 0 0 0 0 0 0 0 0 0 0 0 0 0 0 1 0 0 0 0 0 0 0 0 0 0 0 0 0 0 0 1 0 0 0 0 0 0 0 0 0 0 0 0 0 0 0 0 2 0 0 1 10 45 0 1 0 0 0 0 0 0 0 0 0 0 0 2 0 0 0 0 0 0 0 0 0 0 0 0 0 0 0 255 255 255 255 0 0 0 0 0 0 0 0 data 0 oops 0
ciMethodData java/util/HashMap hash (Ljava/lang/Object;)I 2 102295 orig 264 88 131 130 92 0 0 0 0 104 136 187 27 0 0 0 0 176 1 0 0 0 0 0 0 0 0 0 0 0 0 0 0 0 0 0 0 0 0 0 0 0 0 0 0 0 0 0 0 0 0 0 0 0 0 0 0 0 0 0 0 0 0 0 0 0 0 0 0 0 0 0 0 0 0 0 0 0 0 0 0 77 68 79 32 101 120 116 114 97 32 100 97 116 97 32 108 111 99 107 0 0 0 0 0 0 0 0 0 0 0 0 0 0 0 0 0 0 0 0 0 0 0 0 0 0 0 0 0 0 0 0 0 0 0 0 0 0 0 0 0 0 0 0 0 1 0 0 0 0 0 0 0 0 0 0 0 0 0 0 0 0 0 0 0 0 0 0 0 0 0 0 0 0 0 0 0 0 0 0 1 0 0 0 0 17 0 0 0 0 0 0 0 0 0 0 0 0 0 0 0 0 0 0 0 0 0 0 0 0 0 0 0 0 0 0 0 0 2 0 0 185 108 12 0 1 0 0 0 37 106 0 0 0 0 0 0 2 0 0 0 0 0 6 0 2 0 0 0 104 0 0 0 255 255 255 255 7 224 1 0 0 0 0 0 data 13 0x1e007 0x18d3b 0x38 0x5f 0x50003 0x5f 0x48 0x90005 0x5fcf 0x1e2b4750 0x12910 0x289dc50 0xbd oops 2 9 java/lang/String 11 java/io/File
ciMethodData java/util/HashMap getNode (ILjava/lang/Object;)Ljava/util/HashMap$Node; 2 5738 orig 264 88 131 130 92 0 0 0 0 24 146 187 27 0 0 0 0 8 4 0 0 112 2 0 0 0 0 0 0 0 0 0 0 0 0 0 0 0 0 0 0 0 0 0 0 0 0 0 0 0 0 0 0 0 0 0 0 0 0 0 0 0 0 0 0 0 0 0 0 0 0 0 0 0 0 0 0 0 0 0 0 77 68 79 32 101 120 116 114 97 32 100 97 116 97 32 108 111 99 107 0 0 0 0 0 0 0 0 0 0 0 0 0 0 0 0 0 0 0 0 0 0 0 0 0 0 0 0 0 0 0 0 0 0 0 0 0 0 0 0 0 0 0 0 0 0 0 0 0 0 0 0 0 0 0 0 0 0 0 0 0 0 0 0 0 0 0 0 0 0 0 0 0 0 0 0 0 0 0 0 1 0 0 0 0 17 0 0 0 0 0 0 0 0 0 0 0 0 0 0 0 1 0 0 0 0 0 0 0 0 0 0 0 0 0 0 0 0 2 0 0 81 163 0 0 169 7 0 0 106 20 0 0 245 0 0 0 2 0 0 0 1 0 37 0 2 0 0 0 176 2 0 0 255 255 255 255 7 0 6 0 0 0 0 0 data 86 0x60007 0x26b 0x2b0 0x11ff 0xe0007 0x0 0x290 0x11ff 0x1c0007 0x73c 0x270 0xac3 0x250007 0x512 0xb0 0x5b1 0x310007 0x220 0x90 0x391 0x350007 0x0 0x70 0x391 0x3b0005 0x23f 0x1e2b4750 0x13d 0x289dc50 0x15 0x3e0007 0x2e 0x20 0x363 0x4c0007 0x2e1 0x1a0 0x25f 0x510004 0xfffffffffffffda1 0x1fb449d0 0x2a 0x24359250 0x3b 0x540007 0x25f 0x80 0x0 0x590004 0x0 0x0 0x0 0x0 0x0 0x5e0005 0x0 0x0 0x0 0x0 0x0 0x680007 0x130 0xb0 0x197 0x740007 0x6e 0x90 0x129 0x780007 0x0 0x70 0x129 0x7e0005 0xb6 0x289dc50 0x9 0x289e040 0x6a 0x81e007 0x1 0x20 0x129 0x8f0007 0x68 0xffffffffffffff50 0xc9